  test.c
D:\05_项目文件夹\01_VS\20231205_Project2\20231205_Project2\test.c(21,9): warning C4477: “printf”: 格式字符串“%d”需要类型“int”的参数，但可变参数 1 拥有了类型“size_t”
  D:\05_项目文件夹\01_VS\20231205_Project2\20231205_Project2\test.c(21,9):
  请考虑在格式字符串中使用“%zd”
  
D:\05_项目文件夹\01_VS\20231205_Project2\20231205_Project2\test.c(22,9): warning C4477: “printf”: 格式字符串“%d”需要类型“int”的参数，但可变参数 1 拥有了类型“size_t”
  D:\05_项目文件夹\01_VS\20231205_Project2\20231205_Project2\test.c(22,9):
  请考虑在格式字符串中使用“%zd”
  
D:\05_项目文件夹\01_VS\20231205_Project2\20231205_Project2\test.c(23,9): warning C4477: “printf”: 格式字符串“%d”需要类型“int”的参数，但可变参数 1 拥有了类型“size_t”
  D:\05_项目文件夹\01_VS\20231205_Project2\20231205_Project2\test.c(23,9):
  请考虑在格式字符串中使用“%zd”
  
D:\05_项目文件夹\01_VS\20231205_Project2\20231205_Project2\test.c(24,9): warning C4477: “printf”: 格式字符串“%d”需要类型“int”的参数，但可变参数 1 拥有了类型“size_t”
  D:\05_项目文件夹\01_VS\20231205_Project2\20231205_Project2\test.c(24,9):
  请考虑在格式字符串中使用“%zd”
  
D:\05_项目文件夹\01_VS\20231205_Project2\20231205_Project2\test.c(25,9): warning C4477: “printf”: 格式字符串“%d”需要类型“int”的参数，但可变参数 1 拥有了类型“size_t”
  D:\05_项目文件夹\01_VS\20231205_Project2\20231205_Project2\test.c(25,9):
  请考虑在格式字符串中使用“%zd”
  
D:\05_项目文件夹\01_VS\20231205_Project2\20231205_Project2\test.c(26,9): warning C4477: “printf”: 格式字符串“%d”需要类型“int”的参数，但可变参数 1 拥有了类型“size_t”
  D:\05_项目文件夹\01_VS\20231205_Project2\20231205_Project2\test.c(26,9):
  请考虑在格式字符串中使用“%zd”
  
D:\05_项目文件夹\01_VS\20231205_Project2\20231205_Project2\test.c(27,9): warning C4477: “printf”: 格式字符串“%d”需要类型“int”的参数，但可变参数 1 拥有了类型“size_t”
  D:\05_项目文件夹\01_VS\20231205_Project2\20231205_Project2\test.c(27,9):
  请考虑在格式字符串中使用“%zd”
  
  20231205_Project2.vcxproj -> D:\05_项目文件夹\01_VS\20231205_Project2\x64\Debug\20231205_Project2.exe
